<?xml version="1.0" encoding="UTF-8"?>
<Site BuildName="Linux-g++"
	BuildStamp="20231201-1359-Experimental"
	Name="NandoPC"
	Generator="ctest-3.22.1"
	CompilerName="/usr/bin/g++"
	CompilerVersion="11.3.0"
	OSName="Linux"
	Hostname="NandoPC"
	OSRelease="5.10.16.3-microsoft-standard-WSL2"
	OSVersion="#1 SMP Fri Apr 2 22:23:49 UTC 2021"
	OSPlatform="x86_64"
	Is64Bits="1"
	VendorString="AuthenticAMD"
	VendorID="Advanced Micro Devices"
	FamilyID="23"
	ModelID="113"
	ProcessorCacheSize="512"
	NumberOfLogicalCPU="16"
	NumberOfPhysicalCPU="8"
	TotalVirtualMemory="2048"
	TotalPhysicalMemory="7908"
	LogicalProcessorsPerPhysical="2"
	ProcessorClockFrequency="3600.02"
	>
	<Testing>
		<StartDateTime>Dec 01 12:08 -03</StartDateTime>
		<StartTestTime>1701443302</StartTestTime>
		<TestList/>
		<EndDateTime>Dec 01 12:08 -03</EndDateTime>
		<EndTestTime>1701443302</EndTestTime>
		<ElapsedMinutes>0</ElapsedMinutes>
	</Testing>
</Site>
